stdio    D         file_stdio.c:110  file_stdio_fopen                 [   0.00000] opening C:\Users\Martin\Documents\Universidad\2208-EDA\TP6\source\DisplayVirtual\Debug\allegro5.cfg r
system   D            wsystem.c:799  maybe_parent_dir                 [   0.00000] Also searching C:\Users\Martin\Documents\Universidad\2208-EDA\TP6\source\DisplayVirtual\
system   D            wsystem.c:854  _al_win_safe_load_library        [   0.00000] PathFindOnPath found: C:\Windows\system32\shcore.dll
system   D            wsystem.c:760  load_library_at_path             [   0.00000] Calling LoadLibrary C:\Windows\system32\shcore.dll
system   I            wsystem.c:763  load_library_at_path             [   0.00000] Loaded C:\Windows\system32\shcore.dll
system   I             system.c:267  al_install_system                [   0.00000] Allegro version: 5.2.6
system   D            wsystem.c:799  maybe_parent_dir                 [   0.01267] Also searching C:\Users\Martin\Documents\Universidad\2208-EDA\TP6\source\DisplayVirtual\
system   D            wsystem.c:854  _al_win_safe_load_library        [   0.01585] PathFindOnPath found: C:\Windows\system32\d3d9.dll
system   D            wsystem.c:760  load_library_at_path             [   0.02768] Calling LoadLibrary C:\Windows\system32\d3d9.dll
system   I            wsystem.c:763  load_library_at_path             [   0.05734] Loaded C:\Windows\system32\d3d9.dll
d3d      I         d3d_disp.cpp:684  d3d_init_display                 [   0.13942] Render-to-texture: 1
d3d      I         d3d_disp.cpp:1778 d3d_create_display_locked        [   0.14050] faux_fullscreen=0
d3d      D         d3d_disp.cpp:1779 d3d_create_display_locked        [   0.14067] al_display=00BB48F8
d3d      D         d3d_disp.cpp:1780 d3d_create_display_locked        [   0.14083] al_display->vt=00B83948
d3d      I d3d_display_formats.cpp:144  _al_d3d_generate_display_format_list [   0.18904] found 128 format combinations
display  D   display_settings.c:212  debug_display_settings           [   0.18929] color: 32 (rgba 8880), depth: 0, stencil: 0, acc: 0000, samples: 0/0
display  D   display_settings.c:527  _al_score_display_settings       [   0.18949] Score is : 897
display  D   display_settings.c:212  debug_display_settings           [   0.18966] color: 32 (rgba 8880), depth: 0, stencil: 0, acc: 0000, samples: 0/0
display  D   display_settings.c:527  _al_score_display_settings       [   0.18985] Score is : 897
display  D   display_settings.c:212  debug_display_settings           [   0.19001] color: 32 (rgba 8880), depth: 0, stencil: 0, acc: 0000, samples: 2/1
display  D   display_settings.c:527  _al_score_display_settings       [   0.19019] Score is : 726
display  D   display_settings.c:212  debug_display_settings           [   0.19036] color: 32 (rgba 8880), depth: 0, stencil: 0, acc: 0000, samples: 3/1
display  D   display_settings.c:527  _al_score_display_settings       [   0.19054] Score is : 721
display  D   display_settings.c:212  debug_display_settings           [   0.19070] color: 32 (rgba 8880), depth: 24, stencil: 8, acc: 0000, samples: 0/0
display  D   display_settings.c:527  _al_score_display_settings       [   0.19087] Score is : 897
display  D   display_settings.c:212  debug_display_settings           [   0.19102] color: 32 (rgba 8880), depth: 24, stencil: 8, acc: 0000, samples: 0/0
display  D   display_settings.c:527  _al_score_display_settings       [   0.19120] Score is : 897
display  D   display_settings.c:212  debug_display_settings           [   0.19135] color: 32 (rgba 8880), depth: 24, stencil: 8, acc: 0000, samples: 2/1
display  D   display_settings.c:527  _al_score_display_settings       [   0.19152] Score is : 726
display  D   display_settings.c:212  debug_display_settings           [   0.19168] color: 32 (rgba 8880), depth: 24, stencil: 8, acc: 0000, samples: 3/1
display  D   display_settings.c:527  _al_score_display_settings       [   0.19187] Score is : 721
display  D   display_settings.c:212  debug_display_settings           [   0.19207] color: 32 (rgba 8880), depth: 24, stencil: 0, acc: 0000, samples: 0/0
display  D   display_settings.c:527  _al_score_display_settings       [   0.19231] Score is : 897
display  D   display_settings.c:212  debug_display_settings           [   0.19249] color: 32 (rgba 8880), depth: 24, stencil: 0, acc: 0000, samples: 0/0
display  D   display_settings.c:527  _al_score_display_settings       [   0.19265] Score is : 897
display  D   display_settings.c:212  debug_display_settings           [   0.19284] color: 32 (rgba 8880), depth: 24, stencil: 0, acc: 0000, samples: 2/1
display  D   display_settings.c:527  _al_score_display_settings       [   0.19307] Score is : 726
display  D   display_settings.c:212  debug_display_settings           [   0.19326] color: 32 (rgba 8880), depth: 24, stencil: 0, acc: 0000, samples: 3/1
display  D   display_settings.c:527  _al_score_display_settings       [   0.19344] Score is : 721
display  D   display_settings.c:212  debug_display_settings           [   0.19363] color: 32 (rgba 8880), depth: 16, stencil: 0, acc: 0000, samples: 0/0
display  D   display_settings.c:527  _al_score_display_settings       [   0.19381] Score is : 897
display  D   display_settings.c:212  debug_display_settings           [   0.19402] color: 32 (rgba 8880), depth: 16, stencil: 0, acc: 0000, samples: 0/0
display  D   display_settings.c:527  _al_score_display_settings       [   0.19420] Score is : 897
display  D   display_settings.c:212  debug_display_settings           [   0.19435] color: 32 (rgba 8880), depth: 16, stencil: 0, acc: 0000, samples: 2/1
display  D   display_settings.c:527  _al_score_display_settings       [   0.19451] Score is : 726
display  D   display_settings.c:212  debug_display_settings           [   0.19467] color: 32 (rgba 8880), depth: 16, stencil: 0, acc: 0000, samples: 3/1
display  D   display_settings.c:527  _al_score_display_settings       [   0.19484] Score is : 721
display  D   display_settings.c:212  debug_display_settings           [   0.19500] color: 16 (rgba 5650), depth: 0, stencil: 0, acc: 0000, samples: 0/0
display  D   display_settings.c:527  _al_score_display_settings       [   0.19518] Score is : 897
display  D   display_settings.c:212  debug_display_settings           [   0.19534] color: 16 (rgba 5650), depth: 0, stencil: 0, acc: 0000, samples: 0/0
display  D   display_settings.c:527  _al_score_display_settings       [   0.19552] Score is : 897
display  D   display_settings.c:212  debug_display_settings           [   0.19567] color: 16 (rgba 5650), depth: 0, stencil: 0, acc: 0000, samples: 2/1
display  D   display_settings.c:527  _al_score_display_settings       [   0.19584] Score is : 726
display  D   display_settings.c:212  debug_display_settings           [   0.19598] color: 16 (rgba 5650), depth: 0, stencil: 0, acc: 0000, samples: 3/1
display  D   display_settings.c:527  _al_score_display_settings       [   0.19615] Score is : 721
display  D   display_settings.c:212  debug_display_settings           [   0.19630] color: 16 (rgba 5650), depth: 24, stencil: 8, acc: 0000, samples: 0/0
display  D   display_settings.c:527  _al_score_display_settings       [   0.19648] Score is : 897
display  D   display_settings.c:212  debug_display_settings           [   0.19668] color: 16 (rgba 5650), depth: 24, stencil: 8, acc: 0000, samples: 0/0
display  D   display_settings.c:527  _al_score_display_settings       [   0.19688] Score is : 897
display  D   display_settings.c:212  debug_display_settings           [   0.19705] color: 16 (rgba 5650), depth: 24, stencil: 8, acc: 0000, samples: 2/1
display  D   display_settings.c:527  _al_score_display_settings       [   0.19726] Score is : 726
display  D   display_settings.c:212  debug_display_settings           [   0.19744] color: 16 (rgba 5650), depth: 24, stencil: 8, acc: 0000, samples: 3/1
display  D   display_settings.c:527  _al_score_display_settings       [   0.19761] Score is : 721
display  D   display_settings.c:212  debug_display_settings           [   0.19778] color: 16 (rgba 5650), depth: 24, stencil: 0, acc: 0000, samples: 0/0
display  D   display_settings.c:527  _al_score_display_settings       [   0.19796] Score is : 897
display  D   display_settings.c:212  debug_display_settings           [   0.19812] color: 16 (rgba 5650), depth: 24, stencil: 0, acc: 0000, samples: 0/0
display  D   display_settings.c:527  _al_score_display_settings       [   0.19829] Score is : 897
display  D   display_settings.c:212  debug_display_settings           [   0.19846] color: 16 (rgba 5650), depth: 24, stencil: 0, acc: 0000, samples: 2/1
display  D   display_settings.c:527  _al_score_display_settings       [   0.19863] Score is : 726
display  D   display_settings.c:212  debug_display_settings           [   0.19879] color: 16 (rgba 5650), depth: 24, stencil: 0, acc: 0000, samples: 3/1
display  D   display_settings.c:527  _al_score_display_settings       [   0.19896] Score is : 721
display  D   display_settings.c:212  debug_display_settings           [   0.19914] color: 16 (rgba 5650), depth: 16, stencil: 0, acc: 0000, samples: 0/0
display  D   display_settings.c:527  _al_score_display_settings       [   0.19931] Score is : 897
display  D   display_settings.c:212  debug_display_settings           [   0.19947] color: 16 (rgba 5650), depth: 16, stencil: 0, acc: 0000, samples: 0/0
display  D   display_settings.c:527  _al_score_display_settings       [   0.19963] Score is : 897
display  D   display_settings.c:212  debug_display_settings           [   0.19979] color: 16 (rgba 5650), depth: 16, stencil: 0, acc: 0000, samples: 2/1
display  D   display_settings.c:527  _al_score_display_settings       [   0.19996] Score is : 726
display  D   display_settings.c:212  debug_display_settings           [   0.20026] color: 16 (rgba 5650), depth: 16, stencil: 0, acc: 0000, samples: 3/1
display  D   display_settings.c:527  _al_score_display_settings       [   0.20047] Score is : 721
display  D   display_settings.c:212  debug_display_settings           [   0.20065] color: 32 (rgba 8880), depth: 0, stencil: 0, acc: 0000, samples: 0/0
display  D   display_settings.c:398  _al_score_display_settings       [   0.20084] Single Buffer requirement not met.
display  D   display_settings.c:212  debug_display_settings           [   0.20100] color: 32 (rgba 8880), depth: 0, stencil: 0, acc: 0000, samples: 0/0
display  D   display_settings.c:398  _al_score_display_settings       [   0.20118] Single Buffer requirement not met.
display  D   display_settings.c:212  debug_display_settings           [   0.20136] color: 32 (rgba 8880), depth: 0, stencil: 0, acc: 0000, samples: 2/1
display  D   display_settings.c:398  _al_score_display_settings       [   0.20156] Single Buffer requirement not met.
display  D   display_settings.c:212  debug_display_settings           [   0.20175] color: 32 (rgba 8880), depth: 0, stencil: 0, acc: 0000, samples: 3/1
display  D   display_settings.c:398  _al_score_display_settings       [   0.20195] Single Buffer requirement not met.
display  D   display_settings.c:212  debug_display_settings           [   0.20218] color: 32 (rgba 8880), depth: 24, stencil: 8, acc: 0000, samples: 0/0
display  D   display_settings.c:398  _al_score_display_settings       [   0.20239] Single Buffer requirement not met.
display  D   display_settings.c:212  debug_display_settings           [   0.20258] color: 32 (rgba 8880), depth: 24, stencil: 8, acc: 0000, samples: 0/0
display  D   display_settings.c:398  _al_score_display_settings       [   0.20277] Single Buffer requirement not met.
display  D   display_settings.c:212  debug_display_settings           [   0.20294] color: 32 (rgba 8880), depth: 24, stencil: 8, acc: 0000, samples: 2/1
display  D   display_settings.c:398  _al_score_display_settings       [   0.20312] Single Buffer requirement not met.
display  D   display_settings.c:212  debug_display_settings           [   0.20329] color: 32 (rgba 8880), depth: 24, stencil: 8, acc: 0000, samples: 3/1
display  D   display_settings.c:398  _al_score_display_settings       [   0.20348] Single Buffer requirement not met.
display  D   display_settings.c:212  debug_display_settings           [   0.20365] color: 32 (rgba 8880), depth: 24, stencil: 0, acc: 0000, samples: 0/0
display  D   display_settings.c:398  _al_score_display_settings       [   0.20385] Single Buffer requirement not met.
display  D   display_settings.c:212  debug_display_settings           [   0.20405] color: 32 (rgba 8880), depth: 24, stencil: 0, acc: 0000, samples: 0/0
display  D   display_settings.c:398  _al_score_display_settings       [   0.20425] Single Buffer requirement not met.
display  D   display_settings.c:212  debug_display_settings           [   0.20443] color: 32 (rgba 8880), depth: 24, stencil: 0, acc: 0000, samples: 2/1
display  D   display_settings.c:398  _al_score_display_settings       [   0.20465] Single Buffer requirement not met.
display  D   display_settings.c:212  debug_display_settings           [   0.20488] color: 32 (rgba 8880), depth: 24, stencil: 0, acc: 0000, samples: 3/1
display  D   display_settings.c:398  _al_score_display_settings       [   0.20510] Single Buffer requirement not met.
display  D   display_settings.c:212  debug_display_settings           [   0.20528] color: 32 (rgba 8880), depth: 16, stencil: 0, acc: 0000, samples: 0/0
display  D   display_settings.c:398  _al_score_display_settings       [   0.20547] Single Buffer requirement not met.
display  D   display_settings.c:212  debug_display_settings           [   0.20570] color: 32 (rgba 8880), depth: 16, stencil: 0, acc: 0000, samples: 0/0
display  D   display_settings.c:398  _al_score_display_settings       [   0.20590] Single Buffer requirement not met.
display  D   display_settings.c:212  debug_display_settings           [   0.20609] color: 32 (rgba 8880), depth: 16, stencil: 0, acc: 0000, samples: 2/1
display  D   display_settings.c:398  _al_score_display_settings       [   0.20628] Single Buffer requirement not met.
display  D   display_settings.c:212  debug_display_settings           [   0.20647] color: 32 (rgba 8880), depth: 16, stencil: 0, acc: 0000, samples: 3/1
display  D   display_settings.c:398  _al_score_display_settings       [   0.20670] Single Buffer requirement not met.
display  D   display_settings.c:212  debug_display_settings           [   0.20694] color: 16 (rgba 5650), depth: 0, stencil: 0, acc: 0000, samples: 0/0
display  D   display_settings.c:398  _al_score_display_settings       [   0.20718] Single Buffer requirement not met.
display  D   display_settings.c:212  debug_display_settings           [   0.20737] color: 16 (rgba 5650), depth: 0, stencil: 0, acc: 0000, samples: 0/0
display  D   display_settings.c:398  _al_score_display_settings       [   0.20757] Single Buffer requirement not met.
display  D   display_settings.c:212  debug_display_settings           [   0.20779] color: 16 (rgba 5650), depth: 0, stencil: 0, acc: 0000, samples: 2/1
display  D   display_settings.c:398  _al_score_display_settings       [   0.20800] Single Buffer requirement not met.
display  D   display_settings.c:212  debug_display_settings           [   0.20820] color: 16 (rgba 5650), depth: 0, stencil: 0, acc: 0000, samples: 3/1
display  D   display_settings.c:398  _al_score_display_settings       [   0.20842] Single Buffer requirement not met.
display  D   display_settings.c:212  debug_display_settings           [   0.20860] color: 16 (rgba 5650), depth: 24, stencil: 8, acc: 0000, samples: 0/0
display  D   display_settings.c:398  _al_score_display_settings       [   0.20877] Single Buffer requirement not met.
display  D   display_settings.c:212  debug_display_settings           [   0.20894] color: 16 (rgba 5650), depth: 24, stencil: 8, acc: 0000, samples: 0/0
display  D   display_settings.c:398  _al_score_display_settings       [   0.20913] Single Buffer requirement not met.
display  D   display_settings.c:212  debug_display_settings           [   0.20930] color: 16 (rgba 5650), depth: 24, stencil: 8, acc: 0000, samples: 2/1
display  D   display_settings.c:398  _al_score_display_settings       [   0.20947] Single Buffer requirement not met.
display  D   display_settings.c:212  debug_display_settings           [   0.21050] color: 16 (rgba 5650), depth: 24, stencil: 8, acc: 0000, samples: 3/1
display  D   display_settings.c:398  _al_score_display_settings       [   0.21076] Single Buffer requirement not met.
display  D   display_settings.c:212  debug_display_settings           [   0.21096] color: 16 (rgba 5650), depth: 24, stencil: 0, acc: 0000, samples: 0/0
display  D   display_settings.c:398  _al_score_display_settings       [   0.21116] Single Buffer requirement not met.
display  D   display_settings.c:212  debug_display_settings           [   0.21137] color: 16 (rgba 5650), depth: 24, stencil: 0, acc: 0000, samples: 0/0
display  D   display_settings.c:398  _al_score_display_settings       [   0.21156] Single Buffer requirement not met.
display  D   display_settings.c:212  debug_display_settings           [   0.21190] color: 16 (rgba 5650), depth: 24, stencil: 0, acc: 0000, samples: 2/1
display  D   display_settings.c:398  _al_score_display_settings       [   0.21285] Single Buffer requirement not met.
display  D   display_settings.c:212  debug_display_settings           [   0.21305] color: 16 (rgba 5650), depth: 24, stencil: 0, acc: 0000, samples: 3/1
display  D   display_settings.c:398  _al_score_display_settings       [   0.21324] Single Buffer requirement not met.
display  D   display_settings.c:212  debug_display_settings           [   0.21342] color: 16 (rgba 5650), depth: 16, stencil: 0, acc: 0000, samples: 0/0
display  D   display_settings.c:398  _al_score_display_settings       [   0.21362] Single Buffer requirement not met.
display  D   display_settings.c:212  debug_display_settings           [   0.21383] color: 16 (rgba 5650), depth: 16, stencil: 0, acc: 0000, samples: 0/0
display  D   display_settings.c:398  _al_score_display_settings       [   0.21404] Single Buffer requirement not met.
display  D   display_settings.c:212  debug_display_settings           [   0.21424] color: 16 (rgba 5650), depth: 16, stencil: 0, acc: 0000, samples: 2/1
display  D   display_settings.c:398  _al_score_display_settings       [   0.21443] Single Buffer requirement not met.
display  D   display_settings.c:212  debug_display_settings           [   0.21460] color: 16 (rgba 5650), depth: 16, stencil: 0, acc: 0000, samples: 3/1
display  D   display_settings.c:398  _al_score_display_settings       [   0.21479] Single Buffer requirement not met.
display  D   display_settings.c:212  debug_display_settings           [   0.21495] color: 32 (rgba 8880), depth: 0, stencil: 0, acc: 0000, samples: 0/0
display  D   display_settings.c:527  _al_score_display_settings       [   0.21516] Score is : 769
display  D   display_settings.c:212  debug_display_settings           [   0.21539] color: 32 (rgba 8880), depth: 0, stencil: 0, acc: 0000, samples: 0/0
display  D   display_settings.c:527  _al_score_display_settings       [   0.21562] Score is : 769
display  D   display_settings.c:212  debug_display_settings           [   0.21583] color: 32 (rgba 8880), depth: 0, stencil: 0, acc: 0000, samples: 2/1
display  D   display_settings.c:527  _al_score_display_settings       [   0.21604] Score is : 598
display  D   display_settings.c:212  debug_display_settings           [   0.21624] color: 32 (rgba 8880), depth: 0, stencil: 0, acc: 0000, samples: 3/1
display  D   display_settings.c:527  _al_score_display_settings       [   0.21646] Score is : 593
display  D   display_settings.c:212  debug_display_settings           [   0.21661] color: 32 (rgba 8880), depth: 24, stencil: 8, acc: 0000, samples: 0/0
display  D   display_settings.c:527  _al_score_display_settings       [   0.21678] Score is : 769
display  D   display_settings.c:212  debug_display_settings           [   0.21692] color: 32 (rgba 8880), depth: 24, stencil: 8, acc: 0000, samples: 0/0
display  D   display_settings.c:527  _al_score_display_settings       [   0.21708] Score is : 769
display  D   display_settings.c:212  debug_display_settings           [   0.21722] color: 32 (rgba 8880), depth: 24, stencil: 8, acc: 0000, samples: 2/1
display  D   display_settings.c:527  _al_score_display_settings       [   0.21740] Score is : 598
display  D   display_settings.c:212  debug_display_settings           [   0.21758] color: 32 (rgba 8880), depth: 24, stencil: 8, acc: 0000, samples: 3/1
display  D   display_settings.c:527  _al_score_display_settings       [   0.21777] Score is : 593
display  D   display_settings.c:212  debug_display_settings           [   0.21795] color: 32 (rgba 8880), depth: 24, stencil: 0, acc: 0000, samples: 0/0
display  D   display_settings.c:527  _al_score_display_settings       [   0.21814] Score is : 769
display  D   display_settings.c:212  debug_display_settings           [   0.21833] color: 32 (rgba 8880), depth: 24, stencil: 0, acc: 0000, samples: 0/0
display  D   display_settings.c:527  _al_score_display_settings       [   0.21852] Score is : 769
display  D   display_settings.c:212  debug_display_settings           [   0.21876] color: 32 (rgba 8880), depth: 24, stencil: 0, acc: 0000, samples: 2/1
display  D   display_settings.c:527  _al_score_display_settings       [   0.21896] Score is : 598
display  D   display_settings.c:212  debug_display_settings           [   0.21920] color: 32 (rgba 8880), depth: 24, stencil: 0, acc: 0000, samples: 3/1
display  D   display_settings.c:527  _al_score_display_settings       [   0.21946] Score is : 593
display  D   display_settings.c:212  debug_display_settings           [   0.21969] color: 32 (rgba 8880), depth: 16, stencil: 0, acc: 0000, samples: 0/0
display  D   display_settings.c:527  _al_score_display_settings       [   0.21990] Score is : 769
display  D   display_settings.c:212  debug_display_settings           [   0.22009] color: 32 (rgba 8880), depth: 16, stencil: 0, acc: 0000, samples: 0/0
display  D   display_settings.c:527  _al_score_display_settings       [   0.22029] Score is : 769
display  D   display_settings.c:212  debug_display_settings           [   0.22047] color: 32 (rgba 8880), depth: 16, stencil: 0, acc: 0000, samples: 2/1
display  D   display_settings.c:527  _al_score_display_settings       [   0.22067] Score is : 598
display  D   display_settings.c:212  debug_display_settings           [   0.22088] color: 32 (rgba 8880), depth: 16, stencil: 0, acc: 0000, samples: 3/1
display  D   display_settings.c:527  _al_score_display_settings       [   0.22110] Score is : 593
display  D   display_settings.c:212  debug_display_settings           [   0.22127] color: 16 (rgba 5650), depth: 0, stencil: 0, acc: 0000, samples: 0/0
display  D   display_settings.c:527  _al_score_display_settings       [   0.22148] Score is : 769
display  D   display_settings.c:212  debug_display_settings           [   0.22165] color: 16 (rgba 5650), depth: 0, stencil: 0, acc: 0000, samples: 0/0
display  D   display_settings.c:527  _al_score_display_settings       [   0.22186] Score is : 769
display  D   display_settings.c:212  debug_display_settings           [   0.22206] color: 16 (rgba 5650), depth: 0, stencil: 0, acc: 0000, samples: 2/1
display  D   display_settings.c:527  _al_score_display_settings       [   0.22232] Score is : 598
display  D   display_settings.c:212  debug_display_settings           [   0.22251] color: 16 (rgba 5650), depth: 0, stencil: 0, acc: 0000, samples: 3/1
display  D   display_settings.c:527  _al_score_display_settings       [   0.22272] Score is : 593
display  D   display_settings.c:212  debug_display_settings           [   0.22289] color: 16 (rgba 5650), depth: 24, stencil: 8, acc: 0000, samples: 0/0
display  D   display_settings.c:527  _al_score_display_settings       [   0.22308] Score is : 769
display  D   display_settings.c:212  debug_display_settings           [   0.22323] color: 16 (rgba 5650), depth: 24, stencil: 8, acc: 0000, samples: 0/0
display  D   display_settings.c:527  _al_score_display_settings       [   0.22345] Score is : 769
display  D   display_settings.c:212  debug_display_settings           [   0.22362] color: 16 (rgba 5650), depth: 24, stencil: 8, acc: 0000, samples: 2/1
display  D   display_settings.c:527  _al_score_display_settings       [   0.22382] Score is : 598
display  D   display_settings.c:212  debug_display_settings           [   0.22401] color: 16 (rgba 5650), depth: 24, stencil: 8, acc: 0000, samples: 3/1
display  D   display_settings.c:527  _al_score_display_settings       [   0.22419] Score is : 593
display  D   display_settings.c:212  debug_display_settings           [   0.22435] color: 16 (rgba 5650), depth: 24, stencil: 0, acc: 0000, samples: 0/0
display  D   display_settings.c:527  _al_score_display_settings       [   0.22453] Score is : 769
display  D   display_settings.c:212  debug_display_settings           [   0.22468] color: 16 (rgba 5650), depth: 24, stencil: 0, acc: 0000, samples: 0/0
display  D   display_settings.c:527  _al_score_display_settings       [   0.22484] Score is : 769
display  D   display_settings.c:212  debug_display_settings           [   0.22499] color: 16 (rgba 5650), depth: 24, stencil: 0, acc: 0000, samples: 2/1
display  D   display_settings.c:527  _al_score_display_settings       [   0.22517] Score is : 598
display  D   display_settings.c:212  debug_display_settings           [   0.22534] color: 16 (rgba 5650), depth: 24, stencil: 0, acc: 0000, samples: 3/1
display  D   display_settings.c:527  _al_score_display_settings       [   0.22554] Score is : 593
display  D   display_settings.c:212  debug_display_settings           [   0.22569] color: 16 (rgba 5650), depth: 16, stencil: 0, acc: 0000, samples: 0/0
display  D   display_settings.c:527  _al_score_display_settings       [   0.22587] Score is : 769
display  D   display_settings.c:212  debug_display_settings           [   0.22607] color: 16 (rgba 5650), depth: 16, stencil: 0, acc: 0000, samples: 0/0
display  D   display_settings.c:527  _al_score_display_settings       [   0.22624] Score is : 769
display  D   display_settings.c:212  debug_display_settings           [   0.22640] color: 16 (rgba 5650), depth: 16, stencil: 0, acc: 0000, samples: 2/1
display  D   display_settings.c:527  _al_score_display_settings       [   0.22660] Score is : 598
display  D   display_settings.c:212  debug_display_settings           [   0.22682] color: 16 (rgba 5650), depth: 16, stencil: 0, acc: 0000, samples: 3/1
display  D   display_settings.c:527  _al_score_display_settings       [   0.22700] Score is : 593
display  D   display_settings.c:212  debug_display_settings           [   0.22716] color: 32 (rgba 8880), depth: 0, stencil: 0, acc: 0000, samples: 0/0
display  D   display_settings.c:398  _al_score_display_settings       [   0.22732] Single Buffer requirement not met.
display  D   display_settings.c:212  debug_display_settings           [   0.22751] color: 32 (rgba 8880), depth: 0, stencil: 0, acc: 0000, samples: 0/0
display  D   display_settings.c:398  _al_score_display_settings       [   0.22774] Single Buffer requirement not met.
display  D   display_settings.c:212  debug_display_settings           [   0.22795] color: 32 (rgba 8880), depth: 0, stencil: 0, acc: 0000, samples: 2/1
display  D   display_settings.c:398  _al_score_display_settings       [   0.22817] Single Buffer requirement not met.
display  D   display_settings.c:212  debug_display_settings           [   0.22836] color: 32 (rgba 8880), depth: 0, stencil: 0, acc: 0000, samples: 3/1
display  D   display_settings.c:398  _al_score_display_settings       [   0.22853] Single Buffer requirement not met.
display  D   display_settings.c:212  debug_display_settings           [   0.22870] color: 32 (rgba 8880), depth: 24, stencil: 8, acc: 0000, samples: 0/0
display  D   display_settings.c:398  _al_score_display_settings       [   0.22889] Single Buffer requirement not met.
display  D   display_settings.c:212  debug_display_settings           [   0.22910] color: 32 (rgba 8880), depth: 24, stencil: 8, acc: 0000, samples: 0/0
display  D   display_settings.c:398  _al_score_display_settings       [   0.22929] Single Buffer requirement not met.
display  D   display_settings.c:212  debug_display_settings           [   0.22944] color: 32 (rgba 8880), depth: 24, stencil: 8, acc: 0000, samples: 2/1
display  D   display_settings.c:398  _al_score_display_settings       [   0.22961] Single Buffer requirement not met.
display  D   display_settings.c:212  debug_display_settings           [   0.22979] color: 32 (rgba 8880), depth: 24, stencil: 8, acc: 0000, samples: 3/1
display  D   display_settings.c:398  _al_score_display_settings       [   0.22998] Single Buffer requirement not met.
display  D   display_settings.c:212  debug_display_settings           [   0.23014] color: 32 (rgba 8880), depth: 24, stencil: 0, acc: 0000, samples: 0/0
display  D   display_settings.c:398  _al_score_display_settings       [   0.23036] Single Buffer requirement not met.
display  D   display_settings.c:212  debug_display_settings           [   0.23053] color: 32 (rgba 8880), depth: 24, stencil: 0, acc: 0000, samples: 0/0
display  D   display_settings.c:398  _al_score_display_settings       [   0.23074] Single Buffer requirement not met.
display  D   display_settings.c:212  debug_display_settings           [   0.23093] color: 32 (rgba 8880), depth: 24, stencil: 0, acc: 0000, samples: 2/1
display  D   display_settings.c:398  _al_score_display_settings       [   0.23112] Single Buffer requirement not met.
display  D   display_settings.c:212  debug_display_settings           [   0.23127] color: 32 (rgba 8880), depth: 24, stencil: 0, acc: 0000, samples: 3/1
display  D   display_settings.c:398  _al_score_display_settings       [   0.23145] Single Buffer requirement not met.
display  D   display_settings.c:212  debug_display_settings           [   0.23171] color: 32 (rgba 8880), depth: 16, stencil: 0, acc: 0000, samples: 0/0
display  D   display_settings.c:398  _al_score_display_settings       [   0.23194] Single Buffer requirement not met.
display  D   display_settings.c:212  debug_display_settings           [   0.23213] color: 32 (rgba 8880), depth: 16, stencil: 0, acc: 0000, samples: 0/0
display  D   display_settings.c:398  _al_score_display_settings       [   0.23232] Single Buffer requirement not met.
display  D   display_settings.c:212  debug_display_settings           [   0.23251] color: 32 (rgba 8880), depth: 16, stencil: 0, acc: 0000, samples: 2/1
display  D   display_settings.c:398  _al_score_display_settings       [   0.23270] Single Buffer requirement not met.
display  D   display_settings.c:212  debug_display_settings           [   0.23286] color: 32 (rgba 8880), depth: 16, stencil: 0, acc: 0000, samples: 3/1
display  D   display_settings.c:398  _al_score_display_settings       [   0.23303] Single Buffer requirement not met.
display  D   display_settings.c:212  debug_display_settings           [   0.23319] color: 16 (rgba 5650), depth: 0, stencil: 0, acc: 0000, samples: 0/0
display  D   display_settings.c:398  _al_score_display_settings       [   0.23339] Single Buffer requirement not met.
display  D   display_settings.c:212  debug_display_settings           [   0.23360] color: 16 (rgba 5650), depth: 0, stencil: 0, acc: 0000, samples: 0/0
display  D   display_settings.c:398  _al_score_display_settings       [   0.23378] Single Buffer requirement not met.
display  D   display_settings.c:212  debug_display_settings           [   0.23398] color: 16 (rgba 5650), depth: 0, stencil: 0, acc: 0000, samples: 2/1
display  D   display_settings.c:398  _al_score_display_settings       [   0.23417] Single Buffer requirement not met.
display  D   display_settings.c:212  debug_display_settings           [   0.23437] color: 16 (rgba 5650), depth: 0, stencil: 0, acc: 0000, samples: 3/1
display  D   display_settings.c:398  _al_score_display_settings       [   0.23458] Single Buffer requirement not met.
display  D   display_settings.c:212  debug_display_settings           [   0.23477] color: 16 (rgba 5650), depth: 24, stencil: 8, acc: 0000, samples: 0/0
display  D   display_settings.c:398  _al_score_display_settings       [   0.23497] Single Buffer requirement not met.
display  D   display_settings.c:212  debug_display_settings           [   0.23516] color: 16 (rgba 5650), depth: 24, stencil: 8, acc: 0000, samples: 0/0
display  D   display_settings.c:398  _al_score_display_settings       [   0.23599] Single Buffer requirement not met.
display  D   display_settings.c:212  debug_display_settings           [   0.23688] color: 16 (rgba 5650), depth: 24, stencil: 8, acc: 0000, samples: 2/1
display  D   display_settings.c:398  _al_score_display_settings       [   0.23713] Single Buffer requirement not met.
display  D   display_settings.c:212  debug_display_settings           [   0.23734] color: 16 (rgba 5650), depth: 24, stencil: 8, acc: 0000, samples: 3/1
display  D   display_settings.c:398  _al_score_display_settings       [   0.23754] Single Buffer requirement not met.
display  D   display_settings.c:212  debug_display_settings           [   0.23777] color: 16 (rgba 5650), depth: 24, stencil: 0, acc: 0000, samples: 0/0
display  D   display_settings.c:398  _al_score_display_settings       [   0.23814] Single Buffer requirement not met.
display  D   display_settings.c:212  debug_display_settings           [   0.23914] color: 16 (rgba 5650), depth: 24, stencil: 0, acc: 0000, samples: 0/0
display  D   display_settings.c:398  _al_score_display_settings       [   0.23940] Single Buffer requirement not met.
display  D   display_settings.c:212  debug_display_settings           [   0.23959] color: 16 (rgba 5650), depth: 24, stencil: 0, acc: 0000, samples: 2/1
display  D   display_settings.c:398  _al_score_display_settings       [   0.23980] Single Buffer requirement not met.
display  D   display_settings.c:212  debug_display_settings           [   0.23997] color: 16 (rgba 5650), depth: 24, stencil: 0, acc: 0000, samples: 3/1
display  D   display_settings.c:398  _al_score_display_settings       [   0.24015] Single Buffer requirement not met.
display  D   display_settings.c:212  debug_display_settings           [   0.24035] color: 16 (rgba 5650), depth: 16, stencil: 0, acc: 0000, samples: 0/0
display  D   display_settings.c:398  _al_score_display_settings       [   0.24055] Single Buffer requirement not met.
display  D   display_settings.c:212  debug_display_settings           [   0.24074] color: 16 (rgba 5650), depth: 16, stencil: 0, acc: 0000, samples: 0/0
display  D   display_settings.c:398  _al_score_display_settings       [   0.24093] Single Buffer requirement not met.
display  D   display_settings.c:212  debug_display_settings           [   0.24110] color: 16 (rgba 5650), depth: 16, stencil: 0, acc: 0000, samples: 2/1
display  D   display_settings.c:398  _al_score_display_settings       [   0.24128] Single Buffer requirement not met.
display  D   display_settings.c:212  debug_display_settings           [   0.24146] color: 16 (rgba 5650), depth: 16, stencil: 0, acc: 0000, samples: 3/1
display  D   display_settings.c:398  _al_score_display_settings       [   0.24166] Single Buffer requirement not met.
d3d      D         d3d_disp.cpp:1678 d3d_create_display_internals     [   0.24186] Trying format 0.
d3d      I         d3d_disp.cpp:1354 d3d_display_thread_proc          [   0.24309] Chose a display format: 23
d3d      I         d3d_disp.cpp:1423 d3d_display_thread_proc          [   0.24328] Normal window.
d3d      I         d3d_disp.cpp:791  d3d_create_device                [   0.38287] Using no depth stencil buffer
d3d      D         d3d_disp.cpp:849  d3d_create_device                [   0.47146] BeginScene succeeded in create_device
d3d      D         d3d_disp.cpp:857  d3d_create_device                [   0.47174] Success
d3d      D         d3d_disp.cpp:1701 d3d_create_display_internals     [   0.47199] Resumed after wait.
d3d      I         d3d_disp.cpp:1734 d3d_create_display_internals     [   0.47226] Format 0 succeeded.
d3d      D         d3d_disp.cpp:1765 d3d_create_display_internals     [   0.47306] Returning d3d_display: 00BB48F8
d3d      D         d3d_disp.cpp:1790 d3d_create_display_locked        [   0.47346] al_display=00BB48F8
d3d      D         d3d_disp.cpp:1791 d3d_create_display_locked        [   0.47365] al_display->vt=00B83948
stdio    D         file_stdio.c:110  file_stdio_fopen                 [   0.47420] opening displayFran.png rb
stdio    D         file_stdio.c:110  file_stdio_fopen                 [   0.47474] opening displayFran.png rb
d3d      D         d3d_disp.cpp:1198 real_choose_bitmap_format        [   0.48615] Fake format
d3d      D         d3d_disp.cpp:1198 real_choose_bitmap_format        [   0.48645] Fake format
d3d      D         d3d_disp.cpp:1198 real_choose_bitmap_format        [   0.48665] Fake format
d3d      D         d3d_disp.cpp:1198 real_choose_bitmap_format        [   0.48684] Fake format
d3d      D         d3d_disp.cpp:1198 real_choose_bitmap_format        [   0.48700] Fake format
d3d      D         d3d_disp.cpp:1198 real_choose_bitmap_format        [   0.48719] Fake format
d3d      D         d3d_disp.cpp:1198 real_choose_bitmap_format        [   0.48739] Fake format
d3d      D         d3d_disp.cpp:1198 real_choose_bitmap_format        [   0.48760] Fake format
d3d      D         d3d_disp.cpp:1198 real_choose_bitmap_format        [   0.48781] Fake format
d3d      D         d3d_disp.cpp:1206 real_choose_bitmap_format        [   0.48800] Alpha doesn't match
d3d      D         d3d_disp.cpp:1213 real_choose_bitmap_format        [   0.48819] Adapter format is 23
d3d      D         d3d_disp.cpp:1216 real_choose_bitmap_format        [   0.48835] Found a format
d3d      I         d3d_disp.cpp:2387 d3d_create_bitmap                [   0.48854] Chose bitmap format 9
dtor     D               dtor.c:196  _al_register_destructor          [   0.48935] added dtor for bitmap 00BC9BB0, func 7B2017C1
stdio    D         file_stdio.c:110  file_stdio_fopen                 [   0.49301] opening FontFran.ttf rb
font     D                ttf.c:942  al_load_ttf_font_stretch_f       [   0.49385] Font FontFran.ttf loaded with pixel size 0 x 16.
font     D                ttf.c:944  al_load_ttf_font_stretch_f       [   0.49403]     ascent=15.0, descent=-5.0, height=19.0
dtor     D               dtor.c:196  _al_register_destructor          [   0.49423] added dtor for ttf_font 030F49E8, func 5126100F
font     D                ttf.c:445  cache_glyph                      [   0.49517] Glyph 3 has zero size.
d3d      D          d3d_bmp.cpp:539  _al_d3d_sync_bitmap              [   0.50178] _al_d3d_sync_bitmap (system) ref count == 1
d3d      D          d3d_bmp.cpp:545  _al_d3d_sync_bitmap              [   0.50204] _al_d3d_sync_bitmap (video) ref count == 1
font     W               font.c:368  al_init_font_addon               [   0.52033] Font addon already initialised.
font     W                ttf.c:1107 al_init_ttf_addon                [   0.52059] TTF addon already initialised.
d3d      I         d3d_disp.cpp:1778 d3d_create_display_locked        [   0.52175] faux_fullscreen=0
d3d      D         d3d_disp.cpp:1779 d3d_create_display_locked        [   0.52199] al_display=056AE810
d3d      D         d3d_disp.cpp:1780 d3d_create_display_locked        [   0.52218] al_display->vt=00B83948
d3d      I d3d_display_formats.cpp:144  _al_d3d_generate_display_format_list [   0.52251] found 128 format combinations
display  D   display_settings.c:212  debug_display_settings           [   0.52270] color: 32 (rgba 8880), depth: 0, stencil: 0, acc: 0000, samples: 0/0
display  D   display_settings.c:527  _al_score_display_settings       [   0.52292] Score is : 897
display  D   display_settings.c:212  debug_display_settings           [   0.52313] color: 32 (rgba 8880), depth: 0, stencil: 0, acc: 0000, samples: 0/0
display  D   display_settings.c:527  _al_score_display_settings       [   0.52334] Score is : 897
display  D   display_settings.c:212  debug_display_settings           [   0.52351] color: 32 (rgba 8880), depth: 0, stencil: 0, acc: 0000, samples: 2/1
display  D   display_settings.c:527  _al_score_display_settings       [   0.52370] Score is : 726
display  D   display_settings.c:212  debug_display_settings           [   0.52387] color: 32 (rgba 8880), depth: 0, stencil: 0, acc: 0000, samples: 3/1
display  D   display_settings.c:527  _al_score_display_settings       [   0.52407] Score is : 721
display  D   display_settings.c:212  debug_display_settings           [   0.52426] color: 32 (rgba 8880), depth: 24, stencil: 8, acc: 0000, samples: 0/0
display  D   display_settings.c:527  _al_score_display_settings       [   0.52460] Score is : 897
display  D   display_settings.c:212  debug_display_settings           [   0.52481] color: 32 (rgba 8880), depth: 24, stencil: 8, acc: 0000, samples: 0/0
display  D   display_settings.c:527  _al_score_display_settings       [   0.52502] Score is : 897
display  D   display_settings.c:212  debug_display_settings           [   0.52520] color: 32 (rgba 8880), depth: 24, stencil: 8, acc: 0000, samples: 2/1
display  D   display_settings.c:527  _al_score_display_settings       [   0.52540] Score is : 726
display  D   display_settings.c:212  debug_display_settings           [   0.52560] color: 32 (rgba 8880), depth: 24, stencil: 8, acc: 0000, samples: 3/1
display  D   display_settings.c:527  _al_score_display_settings       [   0.52581] Score is : 721
display  D   display_settings.c:212  debug_display_settings           [   0.52600] color: 32 (rgba 8880), depth: 24, stencil: 0, acc: 0000, samples: 0/0
display  D   display_settings.c:527  _al_score_display_settings       [   0.52620] Score is : 897
display  D   display_settings.c:212  debug_display_settings           [   0.52640] color: 32 (rgba 8880), depth: 24, stencil: 0, acc: 0000, samples: 0/0
display  D   display_settings.c:527  _al_score_display_settings       [   0.52661] Score is : 897
display  D   display_settings.c:212  debug_display_settings           [   0.52681] color: 32 (rgba 8880), depth: 24, stencil: 0, acc: 0000, samples: 2/1
display  D   display_settings.c:527  _al_score_display_settings       [   0.52701] Score is : 726
display  D   display_settings.c:212  debug_display_settings           [   0.52720] color: 32 (rgba 8880), depth: 24, stencil: 0, acc: 0000, samples: 3/1
display  D   display_settings.c:527  _al_score_display_settings       [   0.52737] Score is : 721
display  D   display_settings.c:212  debug_display_settings           [   0.52758] color: 32 (rgba 8880), depth: 16, stencil: 0, acc: 0000, samples: 0/0
display  D   display_settings.c:527  _al_score_display_settings       [   0.52779] Score is : 897
display  D   display_settings.c:212  debug_display_settings           [   0.52796] color: 32 (rgba 8880), depth: 16, stencil: 0, acc: 0000, samples: 0/0
display  D   display_settings.c:527  _al_score_display_settings       [   0.52813] Score is : 897
display  D   display_settings.c:212  debug_display_settings           [   0.52831] color: 32 (rgba 8880), depth: 16, stencil: 0, acc: 0000, samples: 2/1
display  D   display_settings.c:527  _al_score_display_settings       [   0.52852] Score is : 726
display  D   display_settings.c:212  debug_display_settings           [   0.52874] color: 32 (rgba 8880), depth: 16, stencil: 0, acc: 0000, samples: 3/1
display  D   display_settings.c:527  _al_score_display_settings       [   0.52898] Score is : 721
display  D   display_settings.c:212  debug_display_settings           [   0.52917] color: 16 (rgba 5650), depth: 0, stencil: 0, acc: 0000, samples: 0/0
display  D   display_settings.c:527  _al_score_display_settings       [   0.52939] Score is : 897
display  D   display_settings.c:212  debug_display_settings           [   0.52957] color: 16 (rgba 5650), depth: 0, stencil: 0, acc: 0000, samples: 0/0
display  D   display_settings.c:527  _al_score_display_settings       [   0.52973] Score is : 897
display  D   display_settings.c:212  debug_display_settings           [   0.52992] color: 16 (rgba 5650), depth: 0, stencil: 0, acc: 0000, samples: 2/1
display  D   display_settings.c:527  _al_score_display_settings       [   0.53012] Score is : 726
display  D   display_settings.c:212  debug_display_settings           [   0.53031] color: 16 (rgba 5650), depth: 0, stencil: 0, acc: 0000, samples: 3/1
display  D   display_settings.c:527  _al_score_display_settings       [   0.53053] Score is : 721
display  D   display_settings.c:212  debug_display_settings           [   0.53072] color: 16 (rgba 5650), depth: 24, stencil: 8, acc: 0000, samples: 0/0
display  D   display_settings.c:527  _al_score_display_settings       [   0.53091] Score is : 897
display  D   display_settings.c:212  debug_display_settings           [   0.53108] color: 16 (rgba 5650), depth: 24, stencil: 8, acc: 0000, samples: 0/0
display  D   display_settings.c:527  _al_score_display_settings       [   0.53129] Score is : 897
display  D   display_settings.c:212  debug_display_settings           [   0.53144] color: 16 (rgba 5650), depth: 24, stencil: 8, acc: 0000, samples: 2/1
display  D   display_settings.c:527  _al_score_display_settings       [   0.53164] Score is : 726
display  D   display_settings.c:212  debug_display_settings           [   0.53183] color: 16 (rgba 5650), depth: 24, stencil: 8, acc: 0000, samples: 3/1
display  D   display_settings.c:527  _al_score_display_settings       [   0.53199] Score is : 721
display  D   display_settings.c:212  debug_display_settings           [   0.53216] color: 16 (rgba 5650), depth: 24, stencil: 0, acc: 0000, samples: 0/0
display  D   display_settings.c:527  _al_score_display_settings       [   0.53235] Score is : 897
display  D   display_settings.c:212  debug_display_settings           [   0.53251] color: 16 (rgba 5650), depth: 24, stencil: 0, acc: 0000, samples: 0/0
display  D   display_settings.c:527  _al_score_display_settings       [   0.53271] Score is : 897
display  D   display_settings.c:212  debug_display_settings           [   0.53288] color: 16 (rgba 5650), depth: 24, stencil: 0, acc: 0000, samples: 2/1
display  D   display_settings.c:527  _al_score_display_settings       [   0.53307] Score is : 726
display  D   display_settings.c:212  debug_display_settings           [   0.53324] color: 16 (rgba 5650), depth: 24, stencil: 0, acc: 0000, samples: 3/1
display  D   display_settings.c:527  _al_score_display_settings       [   0.53346] Score is : 721
display  D   display_settings.c:212  debug_display_settings           [   0.53368] color: 16 (rgba 5650), depth: 16, stencil: 0, acc: 0000, samples: 0/0
display  D   display_settings.c:527  _al_score_display_settings       [   0.53388] Score is : 897
display  D   display_settings.c:212  debug_display_settings           [   0.53407] color: 16 (rgba 5650), depth: 16, stencil: 0, acc: 0000, samples: 0/0
display  D   display_settings.c:527  _al_score_display_settings       [   0.53435] Score is : 897
display  D   display_settings.c:212  debug_display_settings           [   0.53454] color: 16 (rgba 5650), depth: 16, stencil: 0, acc: 0000, samples: 2/1
display  D   display_settings.c:527  _al_score_display_settings       [   0.53473] Score is : 726
display  D   display_settings.c:212  debug_display_settings           [   0.53490] color: 16 (rgba 5650), depth: 16, stencil: 0, acc: 0000, samples: 3/1
display  D   display_settings.c:527  _al_score_display_settings       [   0.53511] Score is : 721
display  D   display_settings.c:212  debug_display_settings           [   0.53531] color: 32 (rgba 8880), depth: 0, stencil: 0, acc: 0000, samples: 0/0
display  D   display_settings.c:398  _al_score_display_settings       [   0.53553] Single Buffer requirement not met.
display  D   display_settings.c:212  debug_display_settings           [   0.53574] color: 32 (rgba 8880), depth: 0, stencil: 0, acc: 0000, samples: 0/0
display  D   display_settings.c:398  _al_score_display_settings       [   0.53596] Single Buffer requirement not met.
display  D   display_settings.c:212  debug_display_settings           [   0.53615] color: 32 (rgba 8880), depth: 0, stencil: 0, acc: 0000, samples: 2/1
display  D   display_settings.c:398  _al_score_display_settings       [   0.53638] Single Buffer requirement not met.
display  D   display_settings.c:212  debug_display_settings           [   0.53657] color: 32 (rgba 8880), depth: 0, stencil: 0, acc: 0000, samples: 3/1
display  D   display_settings.c:398  _al_score_display_settings       [   0.53679] Single Buffer requirement not met.
display  D   display_settings.c:212  debug_display_settings           [   0.53700] color: 32 (rgba 8880), depth: 24, stencil: 8, acc: 0000, samples: 0/0
display  D   display_settings.c:398  _al_score_display_settings       [   0.53723] Single Buffer requirement not met.
display  D   display_settings.c:212  debug_display_settings           [   0.53742] color: 32 (rgba 8880), depth: 24, stencil: 8, acc: 0000, samples: 0/0
display  D   display_settings.c:398  _al_score_display_settings       [   0.53761] Single Buffer requirement not met.
display  D   display_settings.c:212  debug_display_settings           [   0.53778] color: 32 (rgba 8880), depth: 24, stencil: 8, acc: 0000, samples: 2/1
display  D   display_settings.c:398  _al_score_display_settings       [   0.53797] Single Buffer requirement not met.
display  D   display_settings.c:212  debug_display_settings           [   0.53816] color: 32 (rgba 8880), depth: 24, stencil: 8, acc: 0000, samples: 3/1
display  D   display_settings.c:398  _al_score_display_settings       [   0.53835] Single Buffer requirement not met.
display  D   display_settings.c:212  debug_display_settings           [   0.53855] color: 32 (rgba 8880), depth: 24, stencil: 0, acc: 0000, samples: 0/0
display  D   display_settings.c:398  _al_score_display_settings       [   0.53878] Single Buffer requirement not met.
display  D   display_settings.c:212  debug_display_settings           [   0.53896] color: 32 (rgba 8880), depth: 24, stencil: 0, acc: 0000, samples: 0/0
display  D   display_settings.c:398  _al_score_display_settings       [   0.53917] Single Buffer requirement not met.
display  D   display_settings.c:212  debug_display_settings           [   0.53935] color: 32 (rgba 8880), depth: 24, stencil: 0, acc: 0000, samples: 2/1
display  D   display_settings.c:398  _al_score_display_settings       [   0.53952] Single Buffer requirement not met.
display  D   display_settings.c:212  debug_display_settings           [   0.53968] color: 32 (rgba 8880), depth: 24, stencil: 0, acc: 0000, samples: 3/1
display  D   display_settings.c:398  _al_score_display_settings       [   0.53985] Single Buffer requirement not met.
display  D   display_settings.c:212  debug_display_settings           [   0.54002] color: 32 (rgba 8880), depth: 16, stencil: 0, acc: 0000, samples: 0/0
display  D   display_settings.c:398  _al_score_display_settings       [   0.54018] Single Buffer requirement not met.
display  D   display_settings.c:212  debug_display_settings           [   0.54034] color: 32 (rgba 8880), depth: 16, stencil: 0, acc: 0000, samples: 0/0
display  D   display_settings.c:398  _al_score_display_settings       [   0.54051] Single Buffer requirement not met.
display  D   display_settings.c:212  debug_display_settings           [   0.54067] color: 32 (rgba 8880), depth: 16, stencil: 0, acc: 0000, samples: 2/1
display  D   display_settings.c:398  _al_score_display_settings       [   0.54085] Single Buffer requirement not met.
display  D   display_settings.c:212  debug_display_settings           [   0.54103] color: 32 (rgba 8880), depth: 16, stencil: 0, acc: 0000, samples: 3/1
display  D   display_settings.c:398  _al_score_display_settings       [   0.54124] Single Buffer requirement not met.
display  D   display_settings.c:212  debug_display_settings           [   0.54144] color: 16 (rgba 5650), depth: 0, stencil: 0, acc: 0000, samples: 0/0
display  D   display_settings.c:398  _al_score_display_settings       [   0.54167] Single Buffer requirement not met.
display  D   display_settings.c:212  debug_display_settings           [   0.54188] color: 16 (rgba 5650), depth: 0, stencil: 0, acc: 0000, samples: 0/0
display  D   display_settings.c:398  _al_score_display_settings       [   0.54208] Single Buffer requirement not met.
display  D   display_settings.c:212  debug_display_settings           [   0.54228] color: 16 (rgba 5650), depth: 0, stencil: 0, acc: 0000, samples: 2/1
display  D   display_settings.c:398  _al_score_display_settings       [   0.54249] Single Buffer requirement not met.
display  D   display_settings.c:212  debug_display_settings           [   0.54269] color: 16 (rgba 5650), depth: 0, stencil: 0, acc: 0000, samples: 3/1
display  D   display_settings.c:398  _al_score_display_settings       [   0.54291] Single Buffer requirement not met.
display  D   display_settings.c:212  debug_display_settings           [   0.54309] color: 16 (rgba 5650), depth: 24, stencil: 8, acc: 0000, samples: 0/0
display  D   display_settings.c:398  _al_score_display_settings       [   0.54327] Single Buffer requirement not met.
display  D   display_settings.c:212  debug_display_settings           [   0.54347] color: 16 (rgba 5650), depth: 24, stencil: 8, acc: 0000, samples: 0/0
display  D   display_settings.c:398  _al_score_display_settings       [   0.54368] Single Buffer requirement not met.
display  D   display_settings.c:212  debug_display_settings           [   0.54386] color: 16 (rgba 5650), depth: 24, stencil: 8, acc: 0000, samples: 2/1
display  D   display_settings.c:398  _al_score_display_settings       [   0.54407] Single Buffer requirement not met.
display  D   display_settings.c:212  debug_display_settings           [   0.54424] color: 16 (rgba 5650), depth: 24, stencil: 8, acc: 0000, samples: 3/1
display  D   display_settings.c:398  _al_score_display_settings       [   0.54442] Single Buffer requirement not met.
display  D   display_settings.c:212  debug_display_settings           [   0.54459] color: 16 (rgba 5650), depth: 24, stencil: 0, acc: 0000, samples: 0/0
display  D   display_settings.c:398  _al_score_display_settings       [   0.54477] Single Buffer requirement not met.
display  D   display_settings.c:212  debug_display_settings           [   0.54496] color: 16 (rgba 5650), depth: 24, stencil: 0, acc: 0000, samples: 0/0
display  D   display_settings.c:398  _al_score_display_settings       [   0.54524] Single Buffer requirement not met.
display  D   display_settings.c:212  debug_display_settings           [   0.54546] color: 16 (rgba 5650), depth: 24, stencil: 0, acc: 0000, samples: 2/1
display  D   display_settings.c:398  _al_score_display_settings       [   0.54576] Single Buffer requirement not met.
display  D   display_settings.c:212  debug_display_settings           [   0.54596] color: 16 (rgba 5650), depth: 24, stencil: 0, acc: 0000, samples: 3/1
display  D   display_settings.c:398  _al_score_display_settings       [   0.54617] Single Buffer requirement not met.
display  D   display_settings.c:212  debug_display_settings           [   0.54641] color: 16 (rgba 5650), depth: 16, stencil: 0, acc: 0000, samples: 0/0
display  D   display_settings.c:398  _al_score_display_settings       [   0.54681] Single Buffer requirement not met.
display  D   display_settings.c:212  debug_display_settings           [   0.54714] color: 16 (rgba 5650), depth: 16, stencil: 0, acc: 0000, samples: 0/0
display  D   display_settings.c:398  _al_score_display_settings       [   0.54735] Single Buffer requirement not met.
display  D   display_settings.c:212  debug_display_settings           [   0.54755] color: 16 (rgba 5650), depth: 16, stencil: 0, acc: 0000, samples: 2/1
display  D   display_settings.c:398  _al_score_display_settings       [   0.54774] Single Buffer requirement not met.
display  D   display_settings.c:212  debug_display_settings           [   0.54794] color: 16 (rgba 5650), depth: 16, stencil: 0, acc: 0000, samples: 3/1
display  D   display_settings.c:398  _al_score_display_settings       [   0.54816] Single Buffer requirement not met.
display  D   display_settings.c:212  debug_display_settings           [   0.54835] color: 32 (rgba 8880), depth: 0, stencil: 0, acc: 0000, samples: 0/0
display  D   display_settings.c:527  _al_score_display_settings       [   0.54856] Score is : 769
display  D   display_settings.c:212  debug_display_settings           [   0.54876] color: 32 (rgba 8880), depth: 0, stencil: 0, acc: 0000, samples: 0/0
display  D   display_settings.c:527  _al_score_display_settings       [   0.54895] Score is : 769
display  D   display_settings.c:212  debug_display_settings           [   0.54911] color: 32 (rgba 8880), depth: 0, stencil: 0, acc: 0000, samples: 2/1
display  D   display_settings.c:527  _al_score_display_settings       [   0.54930] Score is : 598
display  D   display_settings.c:212  debug_display_settings           [   0.54948] color: 32 (rgba 8880), depth: 0, stencil: 0, acc: 0000, samples: 3/1
display  D   display_settings.c:527  _al_score_display_settings       [   0.54966] Score is : 593
display  D   display_settings.c:212  debug_display_settings           [   0.54984] color: 32 (rgba 8880), depth: 24, stencil: 8, acc: 0000, samples: 0/0
display  D   display_settings.c:527  _al_score_display_settings       [   0.55003] Score is : 769
display  D   display_settings.c:212  debug_display_settings           [   0.55081] color: 32 (rgba 8880), depth: 24, stencil: 8, acc: 0000, samples: 0/0
display  D   display_settings.c:527  _al_score_display_settings       [   0.55170] Score is : 769
display  D   display_settings.c:212  debug_display_settings           [   0.55195] color: 32 (rgba 8880), depth: 24, stencil: 8, acc: 0000, samples: 2/1
display  D   display_settings.c:527  _al_score_display_settings       [   0.55220] Score is : 598
display  D   display_settings.c:212  debug_display_settings           [   0.55238] color: 32 (rgba 8880), depth: 24, stencil: 8, acc: 0000, samples: 3/1
display  D   display_settings.c:527  _al_score_display_settings       [   0.55260] Score is : 593
display  D   display_settings.c:212  debug_display_settings           [   0.55279] color: 32 (rgba 8880), depth: 24, stencil: 0, acc: 0000, samples: 0/0
display  D   display_settings.c:527  _al_score_display_settings       [   0.55300] Score is : 769
display  D   display_settings.c:212  debug_display_settings           [   0.55320] color: 32 (rgba 8880), depth: 24, stencil: 0, acc: 0000, samples: 0/0
display  D   display_settings.c:527  _al_score_display_settings       [   0.55352] Score is : 769
display  D   display_settings.c:212  debug_display_settings           [   0.55371] color: 32 (rgba 8880), depth: 24, stencil: 0, acc: 0000, samples: 2/1
display  D   display_settings.c:527  _al_score_display_settings       [   0.55488] Score is : 598
display  D   display_settings.c:212  debug_display_settings           [   0.55515] color: 32 (rgba 8880), depth: 24, stencil: 0, acc: 0000, samples: 3/1
display  D   display_settings.c:527  _al_score_display_settings       [   0.55537] Score is : 593
display  D   display_settings.c:212  debug_display_settings           [   0.55557] color: 32 (rgba 8880), depth: 16, stencil: 0, acc: 0000, samples: 0/0
display  D   display_settings.c:527  _al_score_display_settings       [   0.55579] Score is : 769
display  D   display_settings.c:212  debug_display_settings           [   0.55599] color: 32 (rgba 8880), depth: 16, stencil: 0, acc: 0000, samples: 0/0
display  D   display_settings.c:527  _al_score_display_settings       [   0.55620] Score is : 769
display  D   display_settings.c:212  debug_display_settings           [   0.55639] color: 32 (rgba 8880), depth: 16, stencil: 0, acc: 0000, samples: 2/1
display  D   display_settings.c:527  _al_score_display_settings       [   0.55658] Score is : 598
display  D   display_settings.c:212  debug_display_settings           [   0.55673] color: 32 (rgba 8880), depth: 16, stencil: 0, acc: 0000, samples: 3/1
display  D   display_settings.c:527  _al_score_display_settings       [   0.55692] Score is : 593
display  D   display_settings.c:212  debug_display_settings           [   0.55712] color: 16 (rgba 5650), depth: 0, stencil: 0, acc: 0000, samples: 0/0
display  D   display_settings.c:527  _al_score_display_settings       [   0.55729] Score is : 769
display  D   display_settings.c:212  debug_display_settings           [   0.55746] color: 16 (rgba 5650), depth: 0, stencil: 0, acc: 0000, samples: 0/0
display  D   display_settings.c:527  _al_score_display_settings       [   0.55765] Score is : 769
display  D   display_settings.c:212  debug_display_settings           [   0.55780] color: 16 (rgba 5650), depth: 0, stencil: 0, acc: 0000, samples: 2/1
display  D   display_settings.c:527  _al_score_display_settings       [   0.55799] Score is : 598
display  D   display_settings.c:212  debug_display_settings           [   0.55815] color: 16 (rgba 5650), depth: 0, stencil: 0, acc: 0000, samples: 3/1
display  D   display_settings.c:527  _al_score_display_settings       [   0.55835] Score is : 593
display  D   display_settings.c:212  debug_display_settings           [   0.55853] color: 16 (rgba 5650), depth: 24, stencil: 8, acc: 0000, samples: 0/0
display  D   display_settings.c:527  _al_score_display_settings       [   0.55870] Score is : 769
display  D   display_settings.c:212  debug_display_settings           [   0.55887] color: 16 (rgba 5650), depth: 24, stencil: 8, acc: 0000, samples: 0/0
display  D   display_settings.c:527  _al_score_display_settings       [   0.55906] Score is : 769
display  D   display_settings.c:212  debug_display_settings           [   0.55924] color: 16 (rgba 5650), depth: 24, stencil: 8, acc: 0000, samples: 2/1
display  D   display_settings.c:527  _al_score_display_settings       [   0.55943] Score is : 598
display  D   display_settings.c:212  debug_display_settings           [   0.55958] color: 16 (rgba 5650), depth: 24, stencil: 8, acc: 0000, samples: 3/1
display  D   display_settings.c:527  _al_score_display_settings       [   0.55976] Score is : 593
display  D   display_settings.c:212  debug_display_settings           [   0.55992] color: 16 (rgba 5650), depth: 24, stencil: 0, acc: 0000, samples: 0/0
display  D   display_settings.c:527  _al_score_display_settings       [   0.56012] Score is : 769
display  D   display_settings.c:212  debug_display_settings           [   0.56032] color: 16 (rgba 5650), depth: 24, stencil: 0, acc: 0000, samples: 0/0
display  D   display_settings.c:527  _al_score_display_settings       [   0.56055] Score is : 769
display  D   display_settings.c:212  debug_display_settings           [   0.56074] color: 16 (rgba 5650), depth: 24, stencil: 0, acc: 0000, samples: 2/1
display  D   display_settings.c:527  _al_score_display_settings       [   0.56092] Score is : 598
display  D   display_settings.c:212  debug_display_settings           [   0.56109] color: 16 (rgba 5650), depth: 24, stencil: 0, acc: 0000, samples: 3/1
display  D   display_settings.c:527  _al_score_display_settings       [   0.56126] Score is : 593
display  D   display_settings.c:212  debug_display_settings           [   0.56143] color: 16 (rgba 5650), depth: 16, stencil: 0, acc: 0000, samples: 0/0
display  D   display_settings.c:527  _al_score_display_settings       [   0.56163] Score is : 769
display  D   display_settings.c:212  debug_display_settings           [   0.56180] color: 16 (rgba 5650), depth: 16, stencil: 0, acc: 0000, samples: 0/0
display  D   display_settings.c:527  _al_score_display_settings       [   0.56199] Score is : 769
display  D   display_settings.c:212  debug_display_settings           [   0.56214] color: 16 (rgba 5650), depth: 16, stencil: 0, acc: 0000, samples: 2/1
display  D   display_settings.c:527  _al_score_display_settings       [   0.56232] Score is : 598
display  D   display_settings.c:212  debug_display_settings           [   0.56248] color: 16 (rgba 5650), depth: 16, stencil: 0, acc: 0000, samples: 3/1
display  D   display_settings.c:527  _al_score_display_settings       [   0.56266] Score is : 593
display  D   display_settings.c:212  debug_display_settings           [   0.56283] color: 32 (rgba 8880), depth: 0, stencil: 0, acc: 0000, samples: 0/0
display  D   display_settings.c:398  _al_score_display_settings       [   0.56299] Single Buffer requirement not met.
display  D   display_settings.c:212  debug_display_settings           [   0.56317] color: 32 (rgba 8880), depth: 0, stencil: 0, acc: 0000, samples: 0/0
display  D   display_settings.c:398  _al_score_display_settings       [   0.56333] Single Buffer requirement not met.
display  D   display_settings.c:212  debug_display_settings           [   0.56348] color: 32 (rgba 8880), depth: 0, stencil: 0, acc: 0000, samples: 2/1
display  D   display_settings.c:398  _al_score_display_settings       [   0.56366] Single Buffer requirement not met.
display  D   display_settings.c:212  debug_display_settings           [   0.56390] color: 32 (rgba 8880), depth: 0, stencil: 0, acc: 0000, samples: 3/1
display  D   display_settings.c:398  _al_score_display_settings       [   0.56407] Single Buffer requirement not met.
display  D   display_settings.c:212  debug_display_settings           [   0.56423] color: 32 (rgba 8880), depth: 24, stencil: 8, acc: 0000, samples: 0/0
display  D   display_settings.c:398  _al_score_display_settings       [   0.56438] Single Buffer requirement not met.
display  D   display_settings.c:212  debug_display_settings           [   0.56454] color: 32 (rgba 8880), depth: 24, stencil: 8, acc: 0000, samples: 0/0
display  D   display_settings.c:398  _al_score_display_settings       [   0.56471] Single Buffer requirement not met.
display  D   display_settings.c:212  debug_display_settings           [   0.56487] color: 32 (rgba 8880), depth: 24, stencil: 8, acc: 0000, samples: 2/1
display  D   display_settings.c:398  _al_score_display_settings       [   0.56506] Single Buffer requirement not met.
display  D   display_settings.c:212  debug_display_settings           [   0.56525] color: 32 (rgba 8880), depth: 24, stencil: 8, acc: 0000, samples: 3/1
display  D   display_settings.c:398  _al_score_display_settings       [   0.56544] Single Buffer requirement not met.
display  D   display_settings.c:212  debug_display_settings           [   0.56559] color: 32 (rgba 8880), depth: 24, stencil: 0, acc: 0000, samples: 0/0
display  D   display_settings.c:398  _al_score_display_settings       [   0.56578] Single Buffer requirement not met.
display  D   display_settings.c:212  debug_display_settings           [   0.56593] color: 32 (rgba 8880), depth: 24, stencil: 0, acc: 0000, samples: 0/0
display  D   display_settings.c:398  _al_score_display_settings       [   0.56609] Single Buffer requirement not met.
display  D   display_settings.c:212  debug_display_settings           [   0.56625] color: 32 (rgba 8880), depth: 24, stencil: 0, acc: 0000, samples: 2/1
display  D   display_settings.c:398  _al_score_display_settings       [   0.56645] Single Buffer requirement not met.
display  D   display_settings.c:212  debug_display_settings           [   0.56663] color: 32 (rgba 8880), depth: 24, stencil: 0, acc: 0000, samples: 3/1
display  D   display_settings.c:398  _al_score_display_settings       [   0.56680] Single Buffer requirement not met.
display  D   display_settings.c:212  debug_display_settings           [   0.56698] color: 32 (rgba 8880), depth: 16, stencil: 0, acc: 0000, samples: 0/0
display  D   display_settings.c:398  _al_score_display_settings       [   0.56715] Single Buffer requirement not met.
display  D   display_settings.c:212  debug_display_settings           [   0.56732] color: 32 (rgba 8880), depth: 16, stencil: 0, acc: 0000, samples: 0/0
display  D   display_settings.c:398  _al_score_display_settings       [   0.56750] Single Buffer requirement not met.
display  D   display_settings.c:212  debug_display_settings           [   0.56766] color: 32 (rgba 8880), depth: 16, stencil: 0, acc: 0000, samples: 2/1
display  D   display_settings.c:398  _al_score_display_settings       [   0.56783] Single Buffer requirement not met.
display  D   display_settings.c:212  debug_display_settings           [   0.56798] color: 32 (rgba 8880), depth: 16, stencil: 0, acc: 0000, samples: 3/1
display  D   display_settings.c:398  _al_score_display_settings       [   0.56815] Single Buffer requirement not met.
display  D   display_settings.c:212  debug_display_settings           [   0.56829] color: 16 (rgba 5650), depth: 0, stencil: 0, acc: 0000, samples: 0/0
display  D   display_settings.c:398  _al_score_display_settings       [   0.56846] Single Buffer requirement not met.
display  D   display_settings.c:212  debug_display_settings           [   0.56864] color: 16 (rgba 5650), depth: 0, stencil: 0, acc: 0000, samples: 0/0
display  D   display_settings.c:398  _al_score_display_settings       [   0.56885] Single Buffer requirement not met.
display  D   display_settings.c:212  debug_display_settings           [   0.56903] color: 16 (rgba 5650), depth: 0, stencil: 0, acc: 0000, samples: 2/1
display  D   display_settings.c:398  _al_score_display_settings       [   0.56922] Single Buffer requirement not met.
display  D   display_settings.c:212  debug_display_settings           [   0.56937] color: 16 (rgba 5650), depth: 0, stencil: 0, acc: 0000, samples: 3/1
display  D   display_settings.c:398  _al_score_display_settings       [   0.56953] Single Buffer requirement not met.
display  D   display_settings.c:212  debug_display_settings           [   0.56969] color: 16 (rgba 5650), depth: 24, stencil: 8, acc: 0000, samples: 0/0
display  D   display_settings.c:398  _al_score_display_settings       [   0.56988] Single Buffer requirement not met.
display  D   display_settings.c:212  debug_display_settings           [   0.57008] color: 16 (rgba 5650), depth: 24, stencil: 8, acc: 0000, samples: 0/0
display  D   display_settings.c:398  _al_score_display_settings       [   0.57028] Single Buffer requirement not met.
display  D   display_settings.c:212  debug_display_settings           [   0.57045] color: 16 (rgba 5650), depth: 24, stencil: 8, acc: 0000, samples: 2/1
display  D   display_settings.c:398  _al_score_display_settings       [   0.57064] Single Buffer requirement not met.
display  D   display_settings.c:212  debug_display_settings           [   0.57080] color: 16 (rgba 5650), depth: 24, stencil: 8, acc: 0000, samples: 3/1
display  D   display_settings.c:398  _al_score_display_settings       [   0.57099] Single Buffer requirement not met.
display  D   display_settings.c:212  debug_display_settings           [   0.57115] color: 16 (rgba 5650), depth: 24, stencil: 0, acc: 0000, samples: 0/0
display  D   display_settings.c:398  _al_score_display_settings       [   0.57134] Single Buffer requirement not met.
display  D   display_settings.c:212  debug_display_settings           [   0.57151] color: 16 (rgba 5650), depth: 24, stencil: 0, acc: 0000, samples: 0/0
display  D   display_settings.c:398  _al_score_display_settings       [   0.57167] Single Buffer requirement not met.
display  D   display_settings.c:212  debug_display_settings           [   0.57185] color: 16 (rgba 5650), depth: 24, stencil: 0, acc: 0000, samples: 2/1
display  D   display_settings.c:398  _al_score_display_settings       [   0.57205] Single Buffer requirement not met.
display  D   display_settings.c:212  debug_display_settings           [   0.57222] color: 16 (rgba 5650), depth: 24, stencil: 0, acc: 0000, samples: 3/1
display  D   display_settings.c:398  _al_score_display_settings       [   0.57238] Single Buffer requirement not met.
display  D   display_settings.c:212  debug_display_settings           [   0.57255] color: 16 (rgba 5650), depth: 16, stencil: 0, acc: 0000, samples: 0/0
display  D   display_settings.c:398  _al_score_display_settings       [   0.57271] Single Buffer requirement not met.
display  D   display_settings.c:212  debug_display_settings           [   0.57288] color: 16 (rgba 5650), depth: 16, stencil: 0, acc: 0000, samples: 0/0
display  D   display_settings.c:398  _al_score_display_settings       [   0.57305] Single Buffer requirement not met.
display  D   display_settings.c:212  debug_display_settings           [   0.57322] color: 16 (rgba 5650), depth: 16, stencil: 0, acc: 0000, samples: 2/1
display  D   display_settings.c:398  _al_score_display_settings       [   0.57340] Single Buffer requirement not met.
display  D   display_settings.c:212  debug_display_settings           [   0.57355] color: 16 (rgba 5650), depth: 16, stencil: 0, acc: 0000, samples: 3/1
display  D   display_settings.c:398  _al_score_display_settings       [   0.57372] Single Buffer requirement not met.
d3d      D         d3d_disp.cpp:1678 d3d_create_display_internals     [   0.57392] Trying format 0.
d3d      I         d3d_disp.cpp:1354 d3d_display_thread_proc          [   0.57496] Chose a display format: 23
d3d      I         d3d_disp.cpp:1423 d3d_display_thread_proc          [   0.57518] Normal window.
d3d      I         d3d_disp.cpp:791  d3d_create_device                [   0.59287] Using no depth stencil buffer
d3d      D         d3d_disp.cpp:849  d3d_create_device                [   0.64677] BeginScene succeeded in create_device
d3d      D         d3d_disp.cpp:857  d3d_create_device                [   0.64702] Success
d3d      D         d3d_disp.cpp:1701 d3d_create_display_internals     [   0.64723] Resumed after wait.
d3d      I         d3d_disp.cpp:1734 d3d_create_display_internals     [   0.64744] Format 0 succeeded.
d3d      D         d3d_disp.cpp:1765 d3d_create_display_internals     [   0.64762] Returning d3d_display: 056AE810
d3d      D         d3d_disp.cpp:1790 d3d_create_display_locked        [   0.64780] al_display=056AE810
d3d      D         d3d_disp.cpp:1791 d3d_create_display_locked        [   0.64797] al_display->vt=00B83948
dtor     D               dtor.c:196  _al_register_destructor          [   0.64922] added dtor for queue 0560E578, func 7B2016FE
stdio    D         file_stdio.c:110  file_stdio_fopen                 [   0.64946] opening mzahnd\res\displayBoard.png rb
stdio    D         file_stdio.c:110  file_stdio_fopen                 [   0.64986] opening mzahnd\res\displayBoard.png rb
d3d      D         d3d_disp.cpp:1198 real_choose_bitmap_format        [   0.65052] Fake format
d3d      D         d3d_disp.cpp:1198 real_choose_bitmap_format        [   0.65072] Fake format
d3d      D         d3d_disp.cpp:1198 real_choose_bitmap_format        [   0.65090] Fake format
d3d      D         d3d_disp.cpp:1198 real_choose_bitmap_format        [   0.65106] Fake format
d3d      D         d3d_disp.cpp:1198 real_choose_bitmap_format        [   0.65124] Fake format
d3d      D         d3d_disp.cpp:1198 real_choose_bitmap_format        [   0.65141] Fake format
d3d      D         d3d_disp.cpp:1198 real_choose_bitmap_format        [   0.65156] Fake format
d3d      D         d3d_disp.cpp:1198 real_choose_bitmap_format        [   0.65172] Fake format
d3d      D         d3d_disp.cpp:1198 real_choose_bitmap_format        [   0.65191] Fake format
d3d      D         d3d_disp.cpp:1206 real_choose_bitmap_format        [   0.65209] Alpha doesn't match
d3d      D         d3d_disp.cpp:1213 real_choose_bitmap_format        [   0.65226] Adapter format is 23
d3d      D         d3d_disp.cpp:1216 real_choose_bitmap_format        [   0.65242] Found a format
d3d      I         d3d_disp.cpp:2387 d3d_create_bitmap                [   0.65257] Chose bitmap format 9
dtor     D               dtor.c:196  _al_register_destructor          [   0.65361] added dtor for bitmap 05F37DA0, func 7B2017C1
stdio    D         file_stdio.c:110  file_stdio_fopen                 [   0.68726] opening mzahnd\res\AlphaSmart3000.ttf rb
font     D                ttf.c:942  al_load_ttf_font_stretch_f       [   0.68809] Font mzahnd\res\AlphaSmart3000.ttf loaded with pixel size 0 x 34.
font     D                ttf.c:944  al_load_ttf_font_stretch_f       [   0.68828]     ascent=25.0, descent=-8.0, height=37.0
dtor     D               dtor.c:196  _al_register_destructor          [   0.68848] added dtor for ttf_font 00C0E3C8, func 5126100F
d3d      D          d3d_bmp.cpp:539  _al_d3d_sync_bitmap              [   0.70398] _al_d3d_sync_bitmap (system) ref count == 1
d3d      D          d3d_bmp.cpp:545  _al_d3d_sync_bitmap              [   0.70428] _al_d3d_sync_bitmap (video) ref count == 1
dtor     D               dtor.c:196  _al_register_destructor          [  12.69151] added dtor for timer 030B4288, func 7B20195B
dtor     D               dtor.c:196  _al_register_destructor          [  12.69178] added dtor for timer 030B4360, func 7B20195B
d3d      D         d3d_disp.cpp:1198 real_choose_bitmap_format        [  13.69585] Fake format
d3d      D         d3d_disp.cpp:1198 real_choose_bitmap_format        [  13.69623] Fake format
d3d      D         d3d_disp.cpp:1198 real_choose_bitmap_format        [  13.69643] Fake format
d3d      D         d3d_disp.cpp:1198 real_choose_bitmap_format        [  13.69660] Fake format
d3d      D         d3d_disp.cpp:1198 real_choose_bitmap_format        [  13.69677] Fake format
d3d      D         d3d_disp.cpp:1198 real_choose_bitmap_format        [  13.69696] Fake format
d3d      D         d3d_disp.cpp:1198 real_choose_bitmap_format        [  13.69713] Fake format
d3d      D         d3d_disp.cpp:1198 real_choose_bitmap_format        [  13.69732] Fake format
d3d      D         d3d_disp.cpp:1198 real_choose_bitmap_format        [  13.69751] Fake format
d3d      D         d3d_disp.cpp:1206 real_choose_bitmap_format        [  13.69768] Alpha doesn't match
d3d      D         d3d_disp.cpp:1213 real_choose_bitmap_format        [  13.69786] Adapter format is 23
d3d      D         d3d_disp.cpp:1216 real_choose_bitmap_format        [  13.69806] Found a format
d3d      I         d3d_disp.cpp:2387 d3d_create_bitmap                [  13.69825] Chose bitmap format 9
font     D                ttf.c:242  alloc_glyph_region               [  13.69899] Glyph 19: 20x26 (20x28)
font     D                ttf.c:286  alloc_glyph_region               [  13.69918] Locking glyph region: 05F35C70 0 0 20 28
font     D                ttf.c:166  unlock_current_page              [  13.69992] Unlocking page: 05F35C70
d3d      D          d3d_bmp.cpp:539  _al_d3d_sync_bitmap              [  13.70652] _al_d3d_sync_bitmap (system) ref count == 1
d3d      D          d3d_bmp.cpp:545  _al_d3d_sync_bitmap              [  13.70688] _al_d3d_sync_bitmap (video) ref count == 1
dtor     D               dtor.c:227  _al_unregister_destructor        [  26.15582] removed dtor for timer 030B4288
dtor     D               dtor.c:227  _al_unregister_destructor        [  26.70001] removed dtor for timer 030B4360
dtor     D               dtor.c:227  _al_unregister_destructor        [  27.24753] removed dtor for queue 0560E578
d3d      I         d3d_disp.cpp:911  d3d_destroy_display              [  27.69097] destroying display 056AE810 (current 00000000)
bitmap   D        bitmap_type.c:308  _al_convert_to_memory_bitmap     [  27.69243] converting display bitmap 05F35C70 to memory bitmap
dtor     D               dtor.c:196  _al_register_destructor          [  27.69289] added dtor for bitmap 05F267A8, func 7B2017C1
d3d      D          d3d_bmp.cpp:539  _al_d3d_sync_bitmap              [  27.69629] _al_d3d_sync_bitmap (system) ref count == 1
d3d      D          d3d_bmp.cpp:545  _al_d3d_sync_bitmap              [  27.69654] _al_d3d_sync_bitmap (video) ref count == 1
dtor     D               dtor.c:227  _al_unregister_destructor        [  27.69720] removed dtor for bitmap 05F267A8
bitmap   D        bitmap_type.c:308  _al_convert_to_memory_bitmap     [  27.69772] converting display bitmap 05F37DA0 to memory bitmap
dtor     D               dtor.c:196  _al_register_destructor          [  27.69854] added dtor for bitmap 05F267A8, func 7B2017C1
d3d      D          d3d_bmp.cpp:539  _al_d3d_sync_bitmap              [  27.70161] _al_d3d_sync_bitmap (system) ref count == 1
d3d      D          d3d_bmp.cpp:545  _al_d3d_sync_bitmap              [  27.70191] _al_d3d_sync_bitmap (video) ref count == 1
dtor     D               dtor.c:227  _al_unregister_destructor        [  27.70312] removed dtor for bitmap 05F267A8
d3d      D         d3d_disp.cpp:895  d3d_destroy_display_internals    [  27.70416] waiting for display 056AE810's thread to end
d3d      W         d3d_disp.cpp:608  d3d_destroy_device               [  27.70876] d3d_destroy_device: ref count not 0
d3d      I         d3d_disp.cpp:1558 d3d_display_thread_proc          [  27.72919] d3d display thread exits
dtor     D               dtor.c:227  _al_unregister_destructor        [  29.43771] removed dtor for ttf_font 030F49E8
d3d      I         d3d_disp.cpp:911  d3d_destroy_display              [  29.43805] destroying display 00BB48F8 (current 00000000)
bitmap   D        bitmap_type.c:308  _al_convert_to_memory_bitmap     [  29.44082] converting display bitmap 00BC9BB0 to memory bitmap
dtor     D               dtor.c:196  _al_register_destructor          [  29.44128] added dtor for bitmap 0313B290, func 7B2017C1
d3d      D          d3d_bmp.cpp:539  _al_d3d_sync_bitmap              [  29.44495] _al_d3d_sync_bitmap (system) ref count == 1
d3d      D          d3d_bmp.cpp:545  _al_d3d_sync_bitmap              [  29.44519] _al_d3d_sync_bitmap (video) ref count == 1
dtor     D               dtor.c:227  _al_unregister_destructor        [  29.44558] removed dtor for bitmap 0313B290
d3d      D         d3d_disp.cpp:895  d3d_destroy_display_internals    [  29.44689] waiting for display 00BB48F8's thread to end
d3d      W         d3d_disp.cpp:608  d3d_destroy_device               [  29.45308] d3d_destroy_device: ref count not 0
d3d      I         d3d_disp.cpp:1558 d3d_display_thread_proc          [  29.47142] d3d display thread exits
dtor     D               dtor.c:227  _al_unregister_destructor        [  29.47243] removed dtor for bitmap 00BC9BB0
dtor     D               dtor.c:116  _al_run_destructors              [  30.04591] calling dtor for ttf_font 00C0E3C8, func 5126100F
dtor     D               dtor.c:227  _al_unregister_destructor        [  30.04614] removed dtor for ttf_font 00C0E3C8
